<?xml version="1.0" encoding="UTF-8"?>
<coverage generated="1537481283723" clover="3.2.0">
  <project timestamp="1537481283723" name="All files">
    <metrics statements="42" coveredstatements="42" conditionals="14" coveredconditionals="14" methods="26" coveredmethods="26" elements="82" coveredelements="82" complexity="0" loc="42" ncloc="42" packages="1" files="1" classes="1">
      <file name="index.js" path="C:\Users\KaluGN\Documents\Mark Down\lim20181-Track-FE-markdown-list\index.js">
        <metrics statements="42" coveredstatements="42" conditionals="14" coveredconditionals="14" methods="26" coveredmethods="26"/>
        <line num="1" count="1" type="stmt"/>
        <line num="2" count="1" type="stmt"/>
        <line num="3" count="1" type="stmt"/>
        <line num="4" count="1" type="stmt"/>
        <line num="6" count="1" type="stmt"/>
        <line num="7" count="2" type="stmt"/>
        <line num="10" count="1" type="stmt"/>
        <line num="11" count="2" type="stmt"/>
        <line num="17" count="1" type="stmt"/>
        <line num="18" count="2" type="stmt"/>
        <line num="19" count="2" type="stmt"/>
        <line num="20" count="2" type="stmt"/>
        <line num="25" count="2" type="stmt"/>
        <line num="27" count="1" type="stmt"/>
        <line num="28" count="1" type="stmt"/>
        <line num="29" count="1" type="stmt"/>
        <line num="30" count="1" type="stmt"/>
        <line num="31" count="1" type="stmt"/>
        <line num="35" count="13" type="stmt"/>
        <line num="36" count="13" type="cond" truecount="2" falsecount="0"/>
        <line num="37" count="7" type="stmt"/>
        <line num="39" count="6" type="stmt"/>
        <line num="40" count="9" type="stmt"/>
        <line num="41" count="6" type="stmt"/>
        <line num="42" count="6" type="stmt"/>
        <line num="47" count="7" type="stmt"/>
        <line num="48" count="7" type="stmt"/>
        <line num="49" count="7" type="stmt"/>
        <line num="50" count="11" type="stmt"/>
        <line num="59" count="4" type="stmt"/>
        <line num="60" count="4" type="cond" truecount="4" falsecount="0"/>
        <line num="61" count="1" type="stmt"/>
        <line num="63" count="6" type="stmt"/>
        <line num="64" count="3" type="stmt"/>
        <line num="67" count="4" type="cond" truecount="4" falsecount="0"/>
        <line num="68" count="1" type="stmt"/>
        <line num="69" count="3" type="cond" truecount="2" falsecount="0"/>
        <line num="70" count="1" type="stmt"/>
        <line num="71" count="2" type="cond" truecount="2" falsecount="0"/>
        <line num="72" count="1" type="stmt"/>
        <line num="74" count="1" type="stmt"/>
        <line num="77" count="1" type="stmt"/>
      </file>
    </metrics>
  </project>
</coverage>
