{"C:\\Users\\KaluGN\\Documents\\Mark Down\\lim20181-Track-FE-markdown-list\\index.js": {"path":"C:\\Users\\KaluGN\\Documents\\Mark Down\\lim20181-Track-FE-markdown-list\\index.js","statementMap":{"0":{"start":{"line":1,"column":11},"end":{"line":1,"column":24}},"1":{"start":{"line":2,"column":18},"end":{"line":2,"column":39}},"2":{"start":{"line":3,"column":30},"end":{"line":3,"column":64}},"3":{"start":{"line":4,"column":13},"end":{"line":4,"column":28}},"4":{"start":{"line":6,"column":16},"end":{"line":8,"column":1}},"5":{"start":{"line":7,"column":2},"end":{"line":7,"column":57}},"6":{"start":{"line":7,"column":43},"end":{"line":7,"column":55}},"7":{"start":{"line":10,"column":14},"end":{"line":15,"column":1}},"8":{"start":{"line":11,"column":2},"end":{"line":14,"column":4}},"9":{"start":{"line":17,"column":21},"end":{"line":23,"column":1}},"10":{"start":{"line":18,"column":2},"end":{"line":22,"column":4}},"11":{"start":{"line":19,"column":4},"end":{"line":21,"column":6}},"12":{"start":{"line":20,"column":6},"end":{"line":20,"column":90}},"13":{"start":{"line":25,"column":17},"end":{"line":25,"column":89}},"14":{"start":{"line":25,"column":31},"end":{"line":25,"column":89}},"15":{"start":{"line":25,"column":64},"end":{"line":25,"column":87}},"16":{"start":{"line":27,"column":22},"end":{"line":33,"column":1}},"17":{"start":{"line":28,"column":22},"end":{"line":28,"column":37}},"18":{"start":{"line":29,"column":2},"end":{"line":32,"column":5}},"19":{"start":{"line":30,"column":4},"end":{"line":30,"column":80}},"20":{"start":{"line":30,"column":45},"end":{"line":30,"column":71}},"21":{"start":{"line":31,"column":4},"end":{"line":31,"column":23}},"22":{"start":{"line":35,"column":17},"end":{"line":45,"column":2}},"23":{"start":{"line":35,"column":45},"end":{"line":45,"column":2}},"24":{"start":{"line":36,"column":2},"end":{"line":44,"column":3}},"25":{"start":{"line":37,"column":4},"end":{"line":37,"column":26}},"26":{"start":{"line":39,"column":4},"end":{"line":43,"column":6}},"27":{"start":{"line":40,"column":6},"end":{"line":42,"column":30}},"28":{"start":{"line":40,"column":36},"end":{"line":40,"column":75}},"29":{"start":{"line":41,"column":19},"end":{"line":41,"column":34}},"30":{"start":{"line":42,"column":19},"end":{"line":42,"column":29}},"31":{"start":{"line":47,"column":21},"end":{"line":57,"column":2}},"32":{"start":{"line":47,"column":31},"end":{"line":57,"column":2}},"33":{"start":{"line":48,"column":2},"end":{"line":56,"column":4}},"34":{"start":{"line":49,"column":4},"end":{"line":55,"column":7}},"35":{"start":{"line":50,"column":6},"end":{"line":54,"column":8}},"36":{"start":{"line":59,"column":16},"end":{"line":75,"column":2}},"37":{"start":{"line":59,"column":35},"end":{"line":75,"column":2}},"38":{"start":{"line":60,"column":2},"end":{"line":65,"column":3}},"39":{"start":{"line":61,"column":4},"end":{"line":61,"column":30}},"40":{"start":{"line":63,"column":4},"end":{"line":64,"column":37}},"41":{"start":{"line":63,"column":41},"end":{"line":63,"column":59}},"42":{"start":{"line":64,"column":19},"end":{"line":64,"column":36}},"43":{"start":{"line":67,"column":2},"end":{"line":73,"column":3}},"44":{"start":{"line":68,"column":4},"end":{"line":68,"column":32}},"45":{"start":{"line":69,"column":9},"end":{"line":73,"column":3}},"46":{"start":{"line":70,"column":4},"end":{"line":70,"column":27}},"47":{"start":{"line":71,"column":9},"end":{"line":73,"column":3}},"48":{"start":{"line":72,"column":4},"end":{"line":72,"column":24}},"49":{"start":{"line":74,"column":2},"end":{"line":74,"column":14}},"50":{"start":{"line":77,"column":0},"end":{"line":77,"column":25}}},"fnMap":{"0":{"name":"(anonymous_0)","decl":{"start":{"line":6,"column":16},"end":{"line":6,"column":17}},"loc":{"start":{"line":6,"column":30},"end":{"line":8,"column":1}},"line":6},"1":{"name":"(anonymous_1)","decl":{"start":{"line":7,"column":30},"end":{"line":7,"column":31}},"loc":{"start":{"line":7,"column":43},"end":{"line":7,"column":55}},"line":7},"2":{"name":"(anonymous_2)","decl":{"start":{"line":10,"column":14},"end":{"line":10,"column":15}},"loc":{"start":{"line":10,"column":28},"end":{"line":15,"column":1}},"line":10},"3":{"name":"(anonymous_3)","decl":{"start":{"line":17,"column":21},"end":{"line":17,"column":22}},"loc":{"start":{"line":17,"column":31},"end":{"line":23,"column":1}},"line":17},"4":{"name":"(anonymous_4)","decl":{"start":{"line":18,"column":21},"end":{"line":18,"column":22}},"loc":{"start":{"line":18,"column":42},"end":{"line":22,"column":3}},"line":18},"5":{"name":"(anonymous_5)","decl":{"start":{"line":19,"column":20},"end":{"line":19,"column":21}},"loc":{"start":{"line":19,"column":37},"end":{"line":21,"column":5}},"line":19},"6":{"name":"(anonymous_6)","decl":{"start":{"line":25,"column":17},"end":{"line":25,"column":18}},"loc":{"start":{"line":25,"column":31},"end":{"line":25,"column":89}},"line":25},"7":{"name":"(anonymous_7)","decl":{"start":{"line":25,"column":56},"end":{"line":25,"column":57}},"loc":{"start":{"line":25,"column":64},"end":{"line":25,"column":87}},"line":25},"8":{"name":"(anonymous_8)","decl":{"start":{"line":27,"column":22},"end":{"line":27,"column":23}},"loc":{"start":{"line":27,"column":36},"end":{"line":33,"column":1}},"line":27},"9":{"name":"(anonymous_9)","decl":{"start":{"line":29,"column":33},"end":{"line":29,"column":34}},"loc":{"start":{"line":29,"column":38},"end":{"line":32,"column":3}},"line":29},"10":{"name":"(anonymous_10)","decl":{"start":{"line":30,"column":37},"end":{"line":30,"column":38}},"loc":{"start":{"line":30,"column":45},"end":{"line":30,"column":71}},"line":30},"11":{"name":"(anonymous_11)","decl":{"start":{"line":35,"column":17},"end":{"line":35,"column":18}},"loc":{"start":{"line":35,"column":45},"end":{"line":45,"column":2}},"line":35},"12":{"name":"(anonymous_12)","decl":{"start":{"line":35,"column":57},"end":{"line":35,"column":58}},"loc":{"start":{"line":35,"column":78},"end":{"line":45,"column":1}},"line":35},"13":{"name":"(anonymous_13)","decl":{"start":{"line":39,"column":38},"end":{"line":39,"column":39}},"loc":{"start":{"line":39,"column":54},"end":{"line":43,"column":5}},"line":39},"14":{"name":"(anonymous_14)","decl":{"start":{"line":40,"column":28},"end":{"line":40,"column":29}},"loc":{"start":{"line":40,"column":36},"end":{"line":40,"column":75}},"line":40},"15":{"name":"(anonymous_15)","decl":{"start":{"line":41,"column":14},"end":{"line":41,"column":15}},"loc":{"start":{"line":41,"column":19},"end":{"line":41,"column":34}},"line":41},"16":{"name":"(anonymous_16)","decl":{"start":{"line":42,"column":14},"end":{"line":42,"column":15}},"loc":{"start":{"line":42,"column":19},"end":{"line":42,"column":29}},"line":42},"17":{"name":"(anonymous_17)","decl":{"start":{"line":47,"column":21},"end":{"line":47,"column":22}},"loc":{"start":{"line":47,"column":31},"end":{"line":57,"column":2}},"line":47},"18":{"name":"(anonymous_18)","decl":{"start":{"line":47,"column":43},"end":{"line":47,"column":44}},"loc":{"start":{"line":47,"column":64},"end":{"line":57,"column":1}},"line":47},"19":{"name":"(anonymous_19)","decl":{"start":{"line":48,"column":29},"end":{"line":48,"column":30}},"loc":{"start":{"line":48,"column":48},"end":{"line":56,"column":3}},"line":48},"20":{"name":"(anonymous_20)","decl":{"start":{"line":49,"column":46},"end":{"line":49,"column":47}},"loc":{"start":{"line":49,"column":56},"end":{"line":55,"column":5}},"line":49},"21":{"name":"(anonymous_21)","decl":{"start":{"line":59,"column":16},"end":{"line":59,"column":17}},"loc":{"start":{"line":59,"column":35},"end":{"line":75,"column":2}},"line":59},"22":{"name":"(anonymous_22)","decl":{"start":{"line":59,"column":69},"end":{"line":59,"column":70}},"loc":{"start":{"line":59,"column":78},"end":{"line":66,"column":1}},"line":59},"23":{"name":"(anonymous_23)","decl":{"start":{"line":63,"column":33},"end":{"line":63,"column":34}},"loc":{"start":{"line":63,"column":41},"end":{"line":63,"column":59}},"line":63},"24":{"name":"(anonymous_24)","decl":{"start":{"line":64,"column":12},"end":{"line":64,"column":13}},"loc":{"start":{"line":64,"column":19},"end":{"line":64,"column":36}},"line":64},"25":{"name":"(anonymous_25)","decl":{"start":{"line":66,"column":8},"end":{"line":66,"column":9}},"loc":{"start":{"line":66,"column":17},"end":{"line":75,"column":1}},"line":66}},"branchMap":{"0":{"loc":{"start":{"line":36,"column":2},"end":{"line":44,"column":3}},"type":"if","locations":[{"start":{"line":36,"column":2},"end":{"line":44,"column":3}},{"start":{"line":36,"column":2},"end":{"line":44,"column":3}}],"line":36},"1":{"loc":{"start":{"line":60,"column":2},"end":{"line":65,"column":3}},"type":"if","locations":[{"start":{"line":60,"column":2},"end":{"line":65,"column":3}},{"start":{"line":60,"column":2},"end":{"line":65,"column":3}}],"line":60},"2":{"loc":{"start":{"line":60,"column":6},"end":{"line":60,"column":63}},"type":"binary-expr","locations":[{"start":{"line":60,"column":6},"end":{"line":60,"column":31}},{"start":{"line":60,"column":35},"end":{"line":60,"column":63}}],"line":60},"3":{"loc":{"start":{"line":67,"column":2},"end":{"line":73,"column":3}},"type":"if","locations":[{"start":{"line":67,"column":2},"end":{"line":73,"column":3}},{"start":{"line":67,"column":2},"end":{"line":73,"column":3}}],"line":67},"4":{"loc":{"start":{"line":67,"column":6},"end":{"line":67,"column":39}},"type":"binary-expr","locations":[{"start":{"line":67,"column":6},"end":{"line":67,"column":22}},{"start":{"line":67,"column":26},"end":{"line":67,"column":39}}],"line":67},"5":{"loc":{"start":{"line":69,"column":9},"end":{"line":73,"column":3}},"type":"if","locations":[{"start":{"line":69,"column":9},"end":{"line":73,"column":3}},{"start":{"line":69,"column":9},"end":{"line":73,"column":3}}],"line":69},"6":{"loc":{"start":{"line":71,"column":9},"end":{"line":73,"column":3}},"type":"if","locations":[{"start":{"line":71,"column":9},"end":{"line":73,"column":3}},{"start":{"line":71,"column":9},"end":{"line":73,"column":3}}],"line":71}},"s":{"0":1,"1":1,"2":1,"3":1,"4":1,"5":2,"6":2,"7":1,"8":2,"9":1,"10":2,"11":2,"12":2,"13":1,"14":2,"15":2,"16":1,"17":1,"18":1,"19":1,"20":1,"21":1,"22":1,"23":13,"24":13,"25":7,"26":6,"27":6,"28":9,"29":6,"30":6,"31":1,"32":7,"33":7,"34":7,"35":11,"36":1,"37":4,"38":4,"39":1,"40":3,"41":6,"42":3,"43":4,"44":1,"45":3,"46":1,"47":2,"48":1,"49":1,"50":1},"f":{"0":2,"1":2,"2":2,"3":2,"4":2,"5":2,"6":2,"7":2,"8":1,"9":1,"10":1,"11":13,"12":13,"13":6,"14":9,"15":6,"16":6,"17":7,"18":7,"19":7,"20":11,"21":4,"22":4,"23":6,"24":3,"25":4},"b":{"0":[7,6],"1":[1,3],"2":[4,1],"3":[1,3],"4":[4,2],"5":[1,2],"6":[1,1]},"_coverageSchema":"332fd63041d2c1bcb487cc26dd0d5f7d97098a6c","hash":"15745f3367e67020c343d119bb6a79e970128894"}
}
