TN:
SF:C:\Users\KaluGN\Documents\Mark Down\lim20181-Track-FE-markdown-list\index.js
FN:6,(anonymous_0)
FN:7,(anonymous_1)
FN:10,(anonymous_2)
FN:17,(anonymous_3)
FN:18,(anonymous_4)
FN:19,(anonymous_5)
FN:25,(anonymous_6)
FN:25,(anonymous_7)
FN:27,(anonymous_8)
FN:29,(anonymous_9)
FN:30,(anonymous_10)
FN:35,(anonymous_11)
FN:35,(anonymous_12)
FN:39,(anonymous_13)
FN:40,(anonymous_14)
FN:41,(anonymous_15)
FN:42,(anonymous_16)
FN:47,(anonymous_17)
FN:47,(anonymous_18)
FN:48,(anonymous_19)
FN:49,(anonymous_20)
FN:59,(anonymous_21)
FN:59,(anonymous_22)
FN:63,(anonymous_23)
FN:64,(anonymous_24)
FN:66,(anonymous_25)
FNF:26
FNH:26
FNDA:2,(anonymous_0)
FNDA:2,(anonymous_1)
FNDA:2,(anonymous_2)
FNDA:2,(anonymous_3)
FNDA:2,(anonymous_4)
FNDA:2,(anonymous_5)
FNDA:2,(anonymous_6)
FNDA:2,(anonymous_7)
FNDA:1,(anonymous_8)
FNDA:1,(anonymous_9)
FNDA:1,(anonymous_10)
FNDA:13,(anonymous_11)
FNDA:13,(anonymous_12)
FNDA:6,(anonymous_13)
FNDA:9,(anonymous_14)
FNDA:6,(anonymous_15)
FNDA:6,(anonymous_16)
FNDA:7,(anonymous_17)
FNDA:7,(anonymous_18)
FNDA:7,(anonymous_19)
FNDA:11,(anonymous_20)
FNDA:4,(anonymous_21)
FNDA:4,(anonymous_22)
FNDA:6,(anonymous_23)
FNDA:3,(anonymous_24)
FNDA:4,(anonymous_25)
DA:1,1
DA:2,1
DA:3,1
DA:4,1
DA:6,1
DA:7,2
DA:10,1
DA:11,2
DA:17,1
DA:18,2
DA:19,2
DA:20,2
DA:25,2
DA:27,1
DA:28,1
DA:29,1
DA:30,1
DA:31,1
DA:35,13
DA:36,13
DA:37,7
DA:39,6
DA:40,9
DA:41,6
DA:42,6
DA:47,7
DA:48,7
DA:49,7
DA:50,11
DA:59,4
DA:60,4
DA:61,1
DA:63,6
DA:64,3
DA:67,4
DA:68,1
DA:69,3
DA:70,1
DA:71,2
DA:72,1
DA:74,1
DA:77,1
LF:42
LH:42
BRDA:36,0,0,7
BRDA:36,0,1,6
BRDA:60,1,0,1
BRDA:60,1,1,3
BRDA:60,2,0,4
BRDA:60,2,1,1
BRDA:67,3,0,1
BRDA:67,3,1,3
BRDA:67,4,0,4
BRDA:67,4,1,2
BRDA:69,5,0,1
BRDA:69,5,1,2
BRDA:71,6,0,1
BRDA:71,6,1,1
BRF:14
BRH:14
end_of_record
