TN:
SF:C:\Users\KaluGN\Documents\Mark Down\lim20181-Track-FE-markdown-list\index.js
FN:6,(anonymous_0)
FN:7,(anonymous_1)
FN:10,(anonymous_2)
FN:17,(anonymous_3)
FN:18,(anonymous_4)
FN:19,(anonymous_5)
FN:25,(anonymous_6)
FN:25,(anonymous_7)
FN:27,(anonymous_8)
FN:29,(anonymous_9)
FN:30,(anonymous_10)
FN:35,(anonymous_11)
FN:35,(anonymous_12)
FN:39,(anonymous_13)
FN:40,(anonymous_14)
FN:41,(anonymous_15)
FN:42,(anonymous_16)
FN:47,(anonymous_17)
FN:47,(anonymous_18)
FN:48,(anonymous_19)
FN:49,(anonymous_20)
FN:59,(anonymous_21)
FN:59,(anonymous_22)
FN:63,(anonymous_23)
FN:64,(anonymous_24)
FN:66,(anonymous_25)
FNF:26
FNH:0
FNDA:0,(anonymous_0)
FNDA:0,(anonymous_1)
FNDA:0,(anonymous_2)
FNDA:0,(anonymous_3)
FNDA:0,(anonymous_4)
FNDA:0,(anonymous_5)
FNDA:0,(anonymous_6)
FNDA:0,(anonymous_7)
FNDA:0,(anonymous_8)
FNDA:0,(anonymous_9)
FNDA:0,(anonymous_10)
FNDA:0,(anonymous_11)
FNDA:0,(anonymous_12)
FNDA:0,(anonymous_13)
FNDA:0,(anonymous_14)
FNDA:0,(anonymous_15)
FNDA:0,(anonymous_16)
FNDA:0,(anonymous_17)
FNDA:0,(anonymous_18)
FNDA:0,(anonymous_19)
FNDA:0,(anonymous_20)
FNDA:0,(anonymous_21)
FNDA:0,(anonymous_22)
FNDA:0,(anonymous_23)
FNDA:0,(anonymous_24)
FNDA:0,(anonymous_25)
DA:1,1
DA:2,1
DA:3,1
DA:4,1
DA:6,1
DA:7,0
DA:10,1
DA:11,0
DA:17,1
DA:18,0
DA:19,0
DA:20,0
DA:25,1
DA:27,1
DA:28,0
DA:29,0
DA:30,0
DA:31,0
DA:35,1
DA:36,0
DA:37,0
DA:39,0
DA:40,0
DA:41,0
DA:42,0
DA:47,1
DA:48,0
DA:49,0
DA:50,0
DA:59,1
DA:60,0
DA:61,0
DA:63,0
DA:64,0
DA:67,0
DA:68,0
DA:69,0
DA:70,0
DA:71,0
DA:72,0
DA:75,1
LF:41
LH:13
BRDA:36,0,0,0
BRDA:36,0,1,0
BRDA:60,1,0,0
BRDA:60,1,1,0
BRDA:60,2,0,0
BRDA:60,2,1,0
BRDA:67,3,0,0
BRDA:67,3,1,0
BRDA:67,4,0,0
BRDA:67,4,1,0
BRDA:69,5,0,0
BRDA:69,5,1,0
BRDA:71,6,0,0
BRDA:71,6,1,0
BRF:14
BRH:0
end_of_record
